Using pre-set license
Built from '2020.3/staging' branch; Version is '2020.3.3f1 (76626098c1c4) revision 7758432'; Using compiler version '192528614'; Build Type 'Release'
OS: 'Windows 10 Pro N; OS build 19042.1052; Version 2009; 64bit' Language: 'sv' Physical Memory: 8075 MB
BatchMode: 1, IsHumanControllingUs: 0, StartBugReporterOnCrash: 0, Is64bit: 1, IsPro: 0

 COMMAND LINE ARGUMENTS:
E:\Unity\2020.3.3f1\Editor\Unity.exe
-adb2
-batchMode
-noUpm
-name
AssetImportWorker2
-projectPath
E:/Unity/Projects/PingTap/PingTap
-logFile
Logs/AssetImportWorker2.log
-srvPort
61562
Successfully changed project path to: E:/Unity/Projects/PingTap/PingTap
E:/Unity/Projects/PingTap/PingTap
Using Asset Import Pipeline V2.
Refreshing native plugins compatible for Editor in 96.59 ms, found 2 plugins.
Preloading 0 native plugins for Editor in 0.00 ms.
Initialize engine version: 2020.3.3f1 (76626098c1c4)
[Subsystems] Discovering subsystems at path E:/Unity/2020.3.3f1/Editor/Data/Resources/UnitySubsystems
[Subsystems] Discovering subsystems at path E:/Unity/Projects/PingTap/PingTap/Assets
GfxDevice: creating device client; threaded=0
Direct3D:
    Version:  Direct3D 11.0 [level 11.1]
    Renderer: NVIDIA GeForce GTX 1080 (ID=0x1b80)
    Vendor:   
    VRAM:     8079 MB
    Driver:   27.21.14.5671
Shader 'Universal Render Pipeline/Particles/Lit': fallback shader 'Universal Render Pipeline/Particles/SimpleLit' not found
Initialize mono
Mono path[0] = 'E:/Unity/2020.3.3f1/Editor/Data/Managed'
Mono path[1] = 'E:/Unity/2020.3.3f1/Editor/Data/MonoBleedingEdge/lib/mono/unityjit'
Mono config path = 'E:/Unity/2020.3.3f1/Editor/Data/MonoBleedingEdge/etc'
Using monoOptions --debugger-agent=transport=dt_socket,embedding=1,server=y,suspend=n,address=127.0.0.1:56916
Begin MonoManager ReloadAssembly
Registering precompiled unity dll's ...
Register platform support module: E:/Unity/2020.3.3f1/Editor/Data/PlaybackEngines/WindowsStandaloneSupport/UnityEditor.WindowsStandalone.Extensions.dll
Registered in 0.001034 seconds.
Native extension for WindowsStandalone target not found
Refreshing native plugins compatible for Editor in 97.45 ms, found 2 plugins.
Preloading 0 native plugins for Editor in 0.00 ms.
Invoked RoslynAnalysisRunner static constructor.
RoslynAnalysisRunner will not be running.
RoslynAnalysisRunner has terminated.
Mono: successfully reloaded assembly
- Completed reload, in  1.030 seconds
Platform modules already initialized, skipping
Registering precompiled user dll's ...
Registered in 0.003020 seconds.
Begin MonoManager ReloadAssembly
Native extension for WindowsStandalone target not found
Refreshing native plugins compatible for Editor in 98.21 ms, found 2 plugins.
Preloading 0 native plugins for Editor in 0.00 ms.
Invoked RoslynAnalysisRunner static constructor.
RoslynAnalysisRunner will not be running.
RoslynAnalysisRunner has terminated.
Mono: successfully reloaded assembly
- Completed reload, in  9.000 seconds
Platform modules already initialized, skipping
========================================================================
Worker process is ready to serve import requests
Shader 'Universal Render Pipeline/Particles/Lit': fallback shader 'Universal Render Pipeline/Particles/SimpleLit' not found
Launched and connected shader compiler UnityShaderCompiler.exe after 0.10 seconds
Refreshing native plugins compatible for Editor in 0.98 ms, found 2 plugins.
Preloading 0 native plugins for Editor in 0.00 ms.
Unloading 4632 Unused Serialized files (Serialized files now loaded: 0)
System memory in use before: 194.6 MB.
System memory in use after: 194.8 MB.

Unloading 128 unused Assets to reduce memory usage. Loaded Objects now: 5060.
Total: 5.399800 ms (FindLiveObjects: 0.770700 ms CreateObjectMapping: 0.315300 ms MarkObjects: 4.076400 ms  DeleteObjects: 0.236300 ms)

========================================================================
Received Import Request.
  path: Assets/Prefabs/Weapons/Cannon headbob.asset
  artifactKey: Guid(1c85bfca4f7e1504c9d275d54bdc8a01) Importer(815301076,1909f56bfc062723c751e8b465ee728b)
Start importing Assets/Prefabs/Weapons/Cannon headbob.asset using Guid(1c85bfca4f7e1504c9d275d54bdc8a01) Importer(815301076,1909f56bfc062723c751e8b465ee728b)  -> (artifact id: 'ae1cbdfc247222a6a2aa3c902a04ef8c') in 0.061390 seconds
  Import took 0.072977 seconds .

========================================================================
Received Import Request.
  Time since last request: 0.000379 seconds.
  path: Assets/Prefabs/Weapons/Cannon Weapon.prefab
  artifactKey: Guid(37ada61b0fe792445b9ab0c38fea62c2) Importer(815301076,1909f56bfc062723c751e8b465ee728b)
Start importing Assets/Prefabs/Weapons/Cannon Weapon.prefab using Guid(37ada61b0fe792445b9ab0c38fea62c2) Importer(815301076,1909f56bfc062723c751e8b465ee728b)  -> (artifact id: '98064f0265e0d7d561ee0dc4d06c0774') in 0.212738 seconds
  Import took 0.221745 seconds .

========================================================================
Received Import Request.
  Time since last request: 0.000307 seconds.
  path: Assets/Prefabs/Weapons/Rifle headbob.asset
  artifactKey: Guid(ddd49b22328d09249ab9a3812a10f214) Importer(815301076,1909f56bfc062723c751e8b465ee728b)
Start importing Assets/Prefabs/Weapons/Rifle headbob.asset using Guid(ddd49b22328d09249ab9a3812a10f214) Importer(815301076,1909f56bfc062723c751e8b465ee728b)  -> (artifact id: '4d386181f35e6b73e3d93519a2d8e450') in 0.013303 seconds
  Import took 0.022255 seconds .

========================================================================
Received Import Request.
  Time since last request: 0.000357 seconds.
  path: Assets/Prefabs/Weapons/Rifle Weapon.prefab
  artifactKey: Guid(04551ec085e015c48a8873097e3fd4ec) Importer(815301076,1909f56bfc062723c751e8b465ee728b)
Start importing Assets/Prefabs/Weapons/Rifle Weapon.prefab using Guid(04551ec085e015c48a8873097e3fd4ec) Importer(815301076,1909f56bfc062723c751e8b465ee728b)  -> (artifact id: 'c9b3f49648af03bfe6e32ba3ce1c3ab4') in 0.015027 seconds
  Import took 0.025111 seconds .

========================================================================
Received Import Request.
  Time since last request: 0.000387 seconds.
  path: Assets/Prefabs/Weapons/Pistol headbob.asset
  artifactKey: Guid(2e980b6dd3fe0b94193f50cf8b83153f) Importer(815301076,1909f56bfc062723c751e8b465ee728b)
Start importing Assets/Prefabs/Weapons/Pistol headbob.asset using Guid(2e980b6dd3fe0b94193f50cf8b83153f) Importer(815301076,1909f56bfc062723c751e8b465ee728b)  -> (artifact id: '5762decb684e9ff9f6a4cff7d216e570') in 0.013467 seconds
  Import took 0.023315 seconds .

========================================================================
Received Import Request.
  Time since last request: 0.000224 seconds.
  path: Assets/Prefabs/Weapons/Pistol Weapon.prefab
  artifactKey: Guid(24b370de9a2a900448cc05fd46372037) Importer(815301076,1909f56bfc062723c751e8b465ee728b)
Start importing Assets/Prefabs/Weapons/Pistol Weapon.prefab using Guid(24b370de9a2a900448cc05fd46372037) Importer(815301076,1909f56bfc062723c751e8b465ee728b)  -> (artifact id: '8ee8efa05d923b4ebbb6b66619df0cc8') in 0.040299 seconds
  Import took 0.050310 seconds .

========================================================================
Received Import Request.
  Time since last request: 189.413480 seconds.
  path: Assets/Prefabs/Characters/Players/Player OLD.prefab
  artifactKey: Guid(a334586e86974484e8c97618ca73454d) Importer(815301076,1909f56bfc062723c751e8b465ee728b)
Start importing Assets/Prefabs/Characters/Players/Player OLD.prefab using Guid(a334586e86974484e8c97618ca73454d) Importer(815301076,1909f56bfc062723c751e8b465ee728b)  -> (artifact id: 'dd71aaa44751c1431b2b27deadfbd97f') in 0.336839 seconds
  Import took 0.347507 seconds .

========================================================================
Received Import Request.
  Time since last request: 0.000254 seconds.
  path: Assets/Prefabs/Characters/Players/Player.prefab
  artifactKey: Guid(7e7f3dec98c76694a984ca45a49a0aff) Importer(815301076,1909f56bfc062723c751e8b465ee728b)
Start importing Assets/Prefabs/Characters/Players/Player.prefab using Guid(7e7f3dec98c76694a984ca45a49a0aff) Importer(815301076,1909f56bfc062723c751e8b465ee728b)  -> (artifact id: 'a3b927f499e5847aab8fcd11e1bb179f') in 0.171836 seconds
  Import took 0.182123 seconds .

========================================================================
Received Import Request.
  Time since last request: 118.133725 seconds.
  path: Assets/Materials/Prototype Grid/Prototype_512x512_Grey2.mat
  artifactKey: Guid(07dc66ae04b7f6a43b9674bf0fefb33a) Importer(815301076,1909f56bfc062723c751e8b465ee728b)
Start importing Assets/Materials/Prototype Grid/Prototype_512x512_Grey2.mat using Guid(07dc66ae04b7f6a43b9674bf0fefb33a) Importer(815301076,1909f56bfc062723c751e8b465ee728b)  -> (artifact id: 'ac1caf1992e67ef0c27efa293a7901e2') in 0.462786 seconds
  Import took 0.472873 seconds .

========================================================================
Received Import Request.
  Time since last request: 4.450873 seconds.
  path: Assets/Prefabs/Characters/Enemies/Basic Enemy Hitboxes.prefab
  artifactKey: Guid(6c17414cec12f894fa2ad940480cc568) Importer(815301076,1909f56bfc062723c751e8b465ee728b)
Start importing Assets/Prefabs/Characters/Enemies/Basic Enemy Hitboxes.prefab using Guid(6c17414cec12f894fa2ad940480cc568) Importer(815301076,1909f56bfc062723c751e8b465ee728b)  -> (artifact id: 'a2938afad9fa2a47c2deff342cc3abdf') in 0.092501 seconds
  Import took 0.103520 seconds .

========================================================================
Received Import Request.
  Time since last request: 12.025920 seconds.
  path: Assets/Sandbox/Dungeon/weaponRack.fbx
  artifactKey: Guid(3dfb12f7cd7344945840f41409a5edd6) Importer(815301076,1909f56bfc062723c751e8b465ee728b)
Start importing Assets/Sandbox/Dungeon/weaponRack.fbx using Guid(3dfb12f7cd7344945840f41409a5edd6) Importer(815301076,1909f56bfc062723c751e8b465ee728b)  -> (artifact id: 'b82574418489f584b10a7882df199d20') in 0.299856 seconds
  Import took 0.309345 seconds .

========================================================================
Received Import Request.
  Time since last request: 44.152260 seconds.
  path: Assets/Materials/Attack/LineRenderer.mat
  artifactKey: Guid(bed0f5f016fdf5240bed5c6fd5ddefb2) Importer(815301076,1909f56bfc062723c751e8b465ee728b)
Start importing Assets/Materials/Attack/LineRenderer.mat using Guid(bed0f5f016fdf5240bed5c6fd5ddefb2) Importer(815301076,1909f56bfc062723c751e8b465ee728b)  -> (artifact id: '7de5fdb4e26e47c7f2a0dce0b92aa78d') in 0.016045 seconds
  Import took 0.025406 seconds .

========================================================================
Received Import Request.
  Time since last request: 0.023175 seconds.
  path: Assets/Materials/Attack/LineRenderer.mat
  artifactKey: Guid(bed0f5f016fdf5240bed5c6fd5ddefb2) Importer(815301076,1909f56bfc062723c751e8b465ee728b)
Start importing Assets/Materials/Attack/LineRenderer.mat using Guid(bed0f5f016fdf5240bed5c6fd5ddefb2) Importer(815301076,1909f56bfc062723c751e8b465ee728b)  -> (artifact id: '7de5fdb4e26e47c7f2a0dce0b92aa78d') in 0.007425 seconds
  Import took 0.016719 seconds .

========================================================================
Received Import Request.
  Time since last request: 11.042637 seconds.
  path: Packages/com.unity.render-pipelines.universal/Runtime/Materials/Lit.mat
  artifactKey: Guid(31321ba15b8f8eb4c954353edc038b1d) Importer(815301076,1909f56bfc062723c751e8b465ee728b)
Start importing Packages/com.unity.render-pipelines.universal/Runtime/Materials/Lit.mat using Guid(31321ba15b8f8eb4c954353edc038b1d) Importer(815301076,1909f56bfc062723c751e8b465ee728b)  -> (artifact id: 'c20232465eed6c25581cacb95c6c9e43') in 0.015762 seconds
  Import took 0.026180 seconds .

========================================================================
Received Import Request.
  Time since last request: 16.633750 seconds.
  path: Assets/Prefabs/Effects/Projectiles/GrenadeEffect.prefab
  artifactKey: Guid(56f810c590fcf384582ce73c1ac356dc) Importer(815301076,1909f56bfc062723c751e8b465ee728b)
Start importing Assets/Prefabs/Effects/Projectiles/GrenadeEffect.prefab using Guid(56f810c590fcf384582ce73c1ac356dc) Importer(815301076,1909f56bfc062723c751e8b465ee728b)  -> (artifact id: '6f9569f115e7d928ddd8b0b15c6075d7') in 0.055574 seconds
  Import took 0.068564 seconds .

========================================================================
Received Import Request.
  Time since last request: 0.000199 seconds.
  path: Assets/Models/Projectiles/PolyGrenade.FBX
  artifactKey: Guid(b07047a96acdfdc40aa07fc2836d36f8) Importer(815301076,1909f56bfc062723c751e8b465ee728b)
Start importing Assets/Models/Projectiles/PolyGrenade.FBX using Guid(b07047a96acdfdc40aa07fc2836d36f8) Importer(815301076,1909f56bfc062723c751e8b465ee728b)  -> (artifact id: '35c099ece187bc015a8ae60db1a74515') in 0.021475 seconds
  Import took 0.030537 seconds .

========================================================================
Received Import Request.
  Time since last request: 0.000208 seconds.
  path: Assets/Materials/Effects/Textures/polyGrenadeEmission.png
  artifactKey: Guid(f9d501ad293b4e740a87242dc81f0256) Importer(815301076,1909f56bfc062723c751e8b465ee728b)
Start importing Assets/Materials/Effects/Textures/polyGrenadeEmission.png using Guid(f9d501ad293b4e740a87242dc81f0256) Importer(815301076,1909f56bfc062723c751e8b465ee728b)  -> (artifact id: '8f666854cf871838b044730304984329') in 0.034801 seconds
  Import took 0.044111 seconds .

========================================================================
Received Import Request.
  Time since last request: 0.000215 seconds.
  path: Assets/Materials/Effects/GrenadeRed.mat
  artifactKey: Guid(ad6aa9a59bea82c4a81e08034460a820) Importer(815301076,1909f56bfc062723c751e8b465ee728b)
Start importing Assets/Materials/Effects/GrenadeRed.mat using Guid(ad6aa9a59bea82c4a81e08034460a820) Importer(815301076,1909f56bfc062723c751e8b465ee728b)  -> (artifact id: '78728bb235e2a9c3f634f521d1ed94f6') in 0.429255 seconds
  Import took 0.437569 seconds .

========================================================================
Received Import Request.
  Time since last request: 0.000241 seconds.
  path: Assets/Prefabs/Projectiles/GrenadeProjectile.prefab
  artifactKey: Guid(5b88ea405478bec428cbdddd88cef76a) Importer(815301076,1909f56bfc062723c751e8b465ee728b)
Start importing Assets/Prefabs/Projectiles/GrenadeProjectile.prefab using Guid(5b88ea405478bec428cbdddd88cef76a) Importer(815301076,1909f56bfc062723c751e8b465ee728b)  -> (artifact id: '05b03dc495bfcbe2884128e7152382ef') in 0.010413 seconds
  Import took 0.019776 seconds .

========================================================================
Received Import Request.
  Time since last request: 19.066185 seconds.
  path: Assets/Materials/Effects/PolySpriteGlow_ADD.mat
  artifactKey: Guid(2f3f789aad8546a488298feff43c3082) Importer(815301076,1909f56bfc062723c751e8b465ee728b)
Start importing Assets/Materials/Effects/PolySpriteGlow_ADD.mat using Guid(2f3f789aad8546a488298feff43c3082) Importer(815301076,1909f56bfc062723c751e8b465ee728b)  -> (artifact id: 'cd3995ed3ad7c18454868815009633f1') in 0.015111 seconds
  Import took 0.025381 seconds .

========================================================================
Received Import Request.
  Time since last request: 0.006923 seconds.
  path: Assets/Materials/Effects/PolySpriteGlow_ADD.mat
  artifactKey: Guid(2f3f789aad8546a488298feff43c3082) Importer(815301076,1909f56bfc062723c751e8b465ee728b)
Start importing Assets/Materials/Effects/PolySpriteGlow_ADD.mat using Guid(2f3f789aad8546a488298feff43c3082) Importer(815301076,1909f56bfc062723c751e8b465ee728b)  -> (artifact id: 'cd3995ed3ad7c18454868815009633f1') in 0.014430 seconds
  Import took 0.023798 seconds .

========================================================================
Received Import Request.
  Time since last request: 0.554020 seconds.
  path: Assets/Materials/Effects/PolyLitSurface.mat
  artifactKey: Guid(be228499b18f1344caf9d8104b8bcd99) Importer(815301076,1909f56bfc062723c751e8b465ee728b)
Start importing Assets/Materials/Effects/PolyLitSurface.mat using Guid(be228499b18f1344caf9d8104b8bcd99) Importer(815301076,1909f56bfc062723c751e8b465ee728b)  -> (artifact id: 'b46dd5d30eeb426465349a06fc4e0e39') in 0.016340 seconds
  Import took 0.025564 seconds .

========================================================================
Received Import Request.
  Time since last request: 0.006440 seconds.
  path: Assets/Materials/Effects/PolyLitSurface.mat
  artifactKey: Guid(be228499b18f1344caf9d8104b8bcd99) Importer(815301076,1909f56bfc062723c751e8b465ee728b)
Start importing Assets/Materials/Effects/PolyLitSurface.mat using Guid(be228499b18f1344caf9d8104b8bcd99) Importer(815301076,1909f56bfc062723c751e8b465ee728b)  -> (artifact id: 'b46dd5d30eeb426465349a06fc4e0e39') in 0.011227 seconds
  Import took 0.020095 seconds .

========================================================================
Received Import Request.
  Time since last request: 0.000232 seconds.
  path: Assets/Models/Effects/PolySphereSmall.FBX
  artifactKey: Guid(f23d1cdf4b40737488ce8a40b040b22d) Importer(815301076,1909f56bfc062723c751e8b465ee728b)
Start importing Assets/Models/Effects/PolySphereSmall.FBX using Guid(f23d1cdf4b40737488ce8a40b040b22d) Importer(815301076,1909f56bfc062723c751e8b465ee728b)  -> (artifact id: '481e0e50a3261370939ff8db6781f3f1') in 0.019316 seconds
  Import took 0.028932 seconds .

========================================================================
Received Import Request.
  Time since last request: 21.842400 seconds.
  path: Assets/Prefabs/Projectiles/GrenadeProjectile.prefab
  artifactKey: Guid(5b88ea405478bec428cbdddd88cef76a) Importer(815301076,1909f56bfc062723c751e8b465ee728b)
Start importing Assets/Prefabs/Projectiles/GrenadeProjectile.prefab using Guid(5b88ea405478bec428cbdddd88cef76a) Importer(815301076,1909f56bfc062723c751e8b465ee728b)  -> (artifact id: '616e3b0fffbf305c7996e9db62694738') in 0.007117 seconds
  Import took 0.017015 seconds .

========================================================================
Received Import Request.
  Time since last request: 3.118863 seconds.
  path: Assets/Models/Weapons/AssaultRifle.fbx
  artifactKey: Guid(f0b4adf647c52ef4c8f9f23485bf1079) Importer(815301076,1909f56bfc062723c751e8b465ee728b)
Start importing Assets/Models/Weapons/AssaultRifle.fbx using Guid(f0b4adf647c52ef4c8f9f23485bf1079) Importer(815301076,1909f56bfc062723c751e8b465ee728b)  -> (artifact id: 'f07a573fc5c531762335185139894ecb') in 0.017901 seconds
  Import took 0.027291 seconds .

========================================================================
Received Import Request.
  Time since last request: 0.000205 seconds.
  path: Assets/Prefabs/Effects/Muzzle/RifleMuzzleStandard.prefab
  artifactKey: Guid(12a91f77ed72e8d4388cd5a419e6e464) Importer(815301076,1909f56bfc062723c751e8b465ee728b)
Start importing Assets/Prefabs/Effects/Muzzle/RifleMuzzleStandard.prefab using Guid(12a91f77ed72e8d4388cd5a419e6e464) Importer(815301076,1909f56bfc062723c751e8b465ee728b)  -> (artifact id: '806c4adac5b03019c28429af06b1d03d') in 0.020716 seconds
  Import took 0.029854 seconds .

========================================================================
Received Import Request.
  Time since last request: 0.000289 seconds.
  path: Assets/Plugins/Easy performant outline/Demo/Models for Demo scene/BitGem/Police_Officer_SC/Models/cop.fbx
  artifactKey: Guid(7946eaf817ae94ceea9ba276e998c9cf) Importer(815301076,1909f56bfc062723c751e8b465ee728b)
Start importing Assets/Plugins/Easy performant outline/Demo/Models for Demo scene/BitGem/Police_Officer_SC/Models/cop.fbx using Guid(7946eaf817ae94ceea9ba276e998c9cf) Importer(815301076,1909f56bfc062723c751e8b465ee728b)  -> (artifact id: '739664cf152280687a5c4b01bb555bcc') in 0.479973 seconds
  Import took 0.489257 seconds .

========================================================================
Received Import Request.
  Time since last request: 0.000311 seconds.
  path: Assets/Prefabs/Weapons/Rifle Weapon.prefab
  artifactKey: Guid(04551ec085e015c48a8873097e3fd4ec) Importer(815301076,1909f56bfc062723c751e8b465ee728b)
Start importing Assets/Prefabs/Weapons/Rifle Weapon.prefab using Guid(04551ec085e015c48a8873097e3fd4ec) Importer(815301076,1909f56bfc062723c751e8b465ee728b)  -> (artifact id: 'f0724feb981d957ec1e0909b388427d0') in 0.016481 seconds
  Import took 0.027357 seconds .

========================================================================
Received Import Request.
  Time since last request: 0.000212 seconds.
  path: Assets/Animations/Generic Character Model Animations/Arms/Guy@Rifle Idle.fbx
  artifactKey: Guid(5e4be39e16af35146bb3b67480fee77d) Importer(815301076,1909f56bfc062723c751e8b465ee728b)
Start importing Assets/Animations/Generic Character Model Animations/Arms/Guy@Rifle Idle.fbx using Guid(5e4be39e16af35146bb3b67480fee77d) Importer(815301076,1909f56bfc062723c751e8b465ee728b)  -> (artifact id: '0517b4cdaae31edd5a5b7389fdc52f2f') in 0.010087 seconds
  Import took 0.020609 seconds .

========================================================================
Received Import Request.
  Time since last request: 12.787686 seconds.
  path: Assets/Scripts/PingTap/ScriptableObjects/AI/Basic Enemy.asset
  artifactKey: Guid(b10903eaa0c40be419b63fe89380ce53) Importer(815301076,1909f56bfc062723c751e8b465ee728b)
Start importing Assets/Scripts/PingTap/ScriptableObjects/AI/Basic Enemy.asset using Guid(b10903eaa0c40be419b63fe89380ce53) Importer(815301076,1909f56bfc062723c751e8b465ee728b)  -> (artifact id: 'cc424124cc90d7d4c112a2695fac22a5') in 0.006343 seconds
  Import took 0.015999 seconds .

========================================================================
Received Import Request.
  Time since last request: 10.404124 seconds.
  path: Assets/Prefabs/Weapons/Rifle Weapon.prefab
  artifactKey: Guid(04551ec085e015c48a8873097e3fd4ec) Importer(815301076,1909f56bfc062723c751e8b465ee728b)
Start importing Assets/Prefabs/Weapons/Rifle Weapon.prefab using Guid(04551ec085e015c48a8873097e3fd4ec) Importer(815301076,1909f56bfc062723c751e8b465ee728b)  -> (artifact id: '01583b8013f01948e30bee48f07d7bc9') in 0.015768 seconds
  Import took 0.027027 seconds .

========================================================================
Received Import Request.
  Time since last request: 62.022519 seconds.
  path: Assets/Prefabs/Effects/Impact/Blood Impact.prefab
  artifactKey: Guid(bc98890f6028f444eaa7789bde5e2eeb) Importer(815301076,1909f56bfc062723c751e8b465ee728b)
Start importing Assets/Prefabs/Effects/Impact/Blood Impact.prefab using Guid(bc98890f6028f444eaa7789bde5e2eeb) Importer(815301076,1909f56bfc062723c751e8b465ee728b)  -> (artifact id: '3c572798acd77cf69dbf60e545d8f8ac') in 0.012482 seconds
  Import took 0.022562 seconds .

========================================================================
Received Import Request.
  Time since last request: 0.000233 seconds.
  path: Assets/Prefabs/Effects/Impact/Dirt Impact.prefab
  artifactKey: Guid(dbada9b00d4f0394c87e2738108b402b) Importer(815301076,1909f56bfc062723c751e8b465ee728b)
Start importing Assets/Prefabs/Effects/Impact/Dirt Impact.prefab using Guid(dbada9b00d4f0394c87e2738108b402b) Importer(815301076,1909f56bfc062723c751e8b465ee728b)  -> (artifact id: '9288b172cd57ce34e954ea1d62d04bcd') in 0.009388 seconds
  Import took 0.019128 seconds .

========================================================================
Received Import Request.
  Time since last request: 0.000258 seconds.
  path: Assets/Prefabs/Effects/Impact/Grass Impact.prefab
  artifactKey: Guid(b051378a03016a4479d22e24a4f68766) Importer(815301076,1909f56bfc062723c751e8b465ee728b)
Start importing Assets/Prefabs/Effects/Impact/Grass Impact.prefab using Guid(b051378a03016a4479d22e24a4f68766) Importer(815301076,1909f56bfc062723c751e8b465ee728b)  -> (artifact id: '5e305542b49767f8b0f93db95acf74cf') in 0.024485 seconds
  Import took 0.034296 seconds .

========================================================================
Received Import Request.
  Time since last request: 0.000265 seconds.
  path: Assets/Prefabs/Effects/Impact/Metal Impact.prefab
  artifactKey: Guid(e9f55cd29784fe741b38e74c81f42a27) Importer(815301076,1909f56bfc062723c751e8b465ee728b)
Start importing Assets/Prefabs/Effects/Impact/Metal Impact.prefab using Guid(e9f55cd29784fe741b38e74c81f42a27) Importer(815301076,1909f56bfc062723c751e8b465ee728b)  -> (artifact id: 'ed5975b3d8a4c26502d1a6b2696e79e0') in 0.017684 seconds
  Import took 0.027332 seconds .

========================================================================
Received Import Request.
  Time since last request: 0.000189 seconds.
  path: Assets/Prefabs/Effects/Impact/Stone Impact.prefab
  artifactKey: Guid(2030e0eb33dfc224b9bcbe4ee0fa1a1e) Importer(815301076,1909f56bfc062723c751e8b465ee728b)
Start importing Assets/Prefabs/Effects/Impact/Stone Impact.prefab using Guid(2030e0eb33dfc224b9bcbe4ee0fa1a1e) Importer(815301076,1909f56bfc062723c751e8b465ee728b)  -> (artifact id: 'a0392788ec8de08e2cebd468acd535cc') in 0.008710 seconds
  Import took 0.017949 seconds .

========================================================================
Received Import Request.
  Time since last request: 0.000288 seconds.
  path: Assets/Prefabs/Effects/Impact/Wood Impact.prefab
  artifactKey: Guid(9d389d160290a5148a39bd81010b005d) Importer(815301076,1909f56bfc062723c751e8b465ee728b)
Start importing Assets/Prefabs/Effects/Impact/Wood Impact.prefab using Guid(9d389d160290a5148a39bd81010b005d) Importer(815301076,1909f56bfc062723c751e8b465ee728b)  -> (artifact id: 'bcf6fe05661e7ec74f6e6434a0217ad3') in 0.009825 seconds
  Import took 0.019133 seconds .

========================================================================
Received Import Request.
  Time since last request: 0.000275 seconds.
  path: Assets/Prefabs/Testing/Material Impact.prefab
  artifactKey: Guid(f7731922c24856947901d270b743279d) Importer(815301076,1909f56bfc062723c751e8b465ee728b)
Start importing Assets/Prefabs/Testing/Material Impact.prefab using Guid(f7731922c24856947901d270b743279d) Importer(815301076,1909f56bfc062723c751e8b465ee728b)  -> (artifact id: '05ec24c5a65a755be685e59449cf2f69') in 0.631682 seconds
  Import took 0.640396 seconds .

========================================================================
Received Import Request.
  Time since last request: 0.000266 seconds.
  path: Assets/Prefabs/Effects/Impact/Glass Impact.prefab
  artifactKey: Guid(7d62da926ec90d9418dffacae2c63ff9) Importer(815301076,1909f56bfc062723c751e8b465ee728b)
Start importing Assets/Prefabs/Effects/Impact/Glass Impact.prefab using Guid(7d62da926ec90d9418dffacae2c63ff9) Importer(815301076,1909f56bfc062723c751e8b465ee728b)  -> (artifact id: 'afa09e5268e3d6c9a68996e7c06495b6') in 0.028786 seconds
  Import took 0.037217 seconds .

========================================================================
Received Import Request.
  Time since last request: 0.000258 seconds.
  path: Assets/Settings/DefaultResources/Impact Atlas.asset
  artifactKey: Guid(de721c24dc8097c4d9b28599563d0747) Importer(815301076,1909f56bfc062723c751e8b465ee728b)
Start importing Assets/Settings/DefaultResources/Impact Atlas.asset using Guid(de721c24dc8097c4d9b28599563d0747) Importer(815301076,1909f56bfc062723c751e8b465ee728b)  -> (artifact id: '44873dbdf3704c43954c3161634370b5') in 0.016359 seconds
  Import took 0.025779 seconds .

========================================================================
Received Import Request.
  Time since last request: 3.712000 seconds.
  path: Assets/Scripts/Systems/CombatSystem/Scripts/Combat/ImpactAtlas.cs
  artifactKey: Guid(e95c7598cf51d854fa086fd772007c76) Importer(815301076,1909f56bfc062723c751e8b465ee728b)
Start importing Assets/Scripts/Systems/CombatSystem/Scripts/Combat/ImpactAtlas.cs using Guid(e95c7598cf51d854fa086fd772007c76) Importer(815301076,1909f56bfc062723c751e8b465ee728b)  -> (artifact id: '294db530f48ce509014af143899c9c33') in 0.012419 seconds
  Import took 0.020370 seconds .

========================================================================
Received Import Request.
  Time since last request: 10.887120 seconds.
  path: Assets/Scripts/Systems/CombatSystem/Scripts/Combat/Impact Atlas.asset
  artifactKey: Guid(14acf483234855144b8944b204c9ac79) Importer(815301076,1909f56bfc062723c751e8b465ee728b)
Start importing Assets/Scripts/Systems/CombatSystem/Scripts/Combat/Impact Atlas.asset using Guid(14acf483234855144b8944b204c9ac79) Importer(815301076,1909f56bfc062723c751e8b465ee728b)  -> (artifact id: 'a359dd31267524bc76960167e7196d73') in 0.003648 seconds
  Import took 0.012511 seconds .

========================================================================
Received Import Request.
  Time since last request: 0.009883 seconds.
  path: Assets/Scripts/Systems/CombatSystem/Scripts/Combat/Impact Atlas.asset
  artifactKey: Guid(14acf483234855144b8944b204c9ac79) Importer(815301076,1909f56bfc062723c751e8b465ee728b)
Start importing Assets/Scripts/Systems/CombatSystem/Scripts/Combat/Impact Atlas.asset using Guid(14acf483234855144b8944b204c9ac79) Importer(815301076,1909f56bfc062723c751e8b465ee728b)  -> (artifact id: 'a359dd31267524bc76960167e7196d73') in 0.002600 seconds
  Import took 0.011664 seconds .

========================================================================
Received Import Request.
  Time since last request: 4.604906 seconds.
  path: Assets/ScriptableObjects/Default Wave.asset
  artifactKey: Guid(e49d17765de0a66498bbc9c00a075a14) Importer(815301076,1909f56bfc062723c751e8b465ee728b)
Start importing Assets/ScriptableObjects/Default Wave.asset using Guid(e49d17765de0a66498bbc9c00a075a14) Importer(815301076,1909f56bfc062723c751e8b465ee728b)  -> (artifact id: 'b389ae02789690e4a59f4f9dd1309278') in 0.008474 seconds
  Import took 0.019774 seconds .

========================================================================
Received Import Request.
  Time since last request: 113.306456 seconds.
  path: Assets/Scenes/MasterScene.unity
  artifactKey: Guid(569003ee4748d464e8d2aea1a1dfd889) Importer(815301076,1909f56bfc062723c751e8b465ee728b)
Start importing Assets/Scenes/MasterScene.unity using Guid(569003ee4748d464e8d2aea1a1dfd889) Importer(815301076,1909f56bfc062723c751e8b465ee728b)  -> (artifact id: 'e41daaa3f2f8003137d838b26f24e851') in 0.008428 seconds
  Import took 0.021841 seconds .

