Using pre-set license
Built from '2020.3/staging' branch; Version is '2020.3.3f1 (76626098c1c4) revision 7758432'; Using compiler version '192528614'; Build Type 'Release'
OS: 'Windows 10 Pro N; OS build 19042.1110; Version 2009; 64bit' Language: 'sv' Physical Memory: 8075 MB
BatchMode: 1, IsHumanControllingUs: 0, StartBugReporterOnCrash: 0, Is64bit: 1, IsPro: 0

 COMMAND LINE ARGUMENTS:
E:\Unity\2020.3.3f1\Editor\Unity.exe
-adb2
-batchMode
-noUpm
-name
AssetImportWorker1
-projectPath
E:/Unity/Projects/PingTap/PingTap
-logFile
Logs/AssetImportWorker1.log
-srvPort
57403
Successfully changed project path to: E:/Unity/Projects/PingTap/PingTap
E:/Unity/Projects/PingTap/PingTap
Using Asset Import Pipeline V2.
Refreshing native plugins compatible for Editor in 112.03 ms, found 2 plugins.
Preloading 0 native plugins for Editor in 0.00 ms.
Initialize engine version: 2020.3.3f1 (76626098c1c4)
[Subsystems] Discovering subsystems at path E:/Unity/2020.3.3f1/Editor/Data/Resources/UnitySubsystems
[Subsystems] Discovering subsystems at path E:/Unity/Projects/PingTap/PingTap/Assets
GfxDevice: creating device client; threaded=0
Direct3D:
    Version:  Direct3D 11.0 [level 11.1]
    Renderer: NVIDIA GeForce GTX 1080 (ID=0x1b80)
    Vendor:   
    VRAM:     8079 MB
    Driver:   27.21.14.5671
Shader 'Universal Render Pipeline/Particles/Lit': fallback shader 'Universal Render Pipeline/Particles/SimpleLit' not found
Initialize mono
Mono path[0] = 'E:/Unity/2020.3.3f1/Editor/Data/Managed'
Mono path[1] = 'E:/Unity/2020.3.3f1/Editor/Data/MonoBleedingEdge/lib/mono/unityjit'
Mono config path = 'E:/Unity/2020.3.3f1/Editor/Data/MonoBleedingEdge/etc'
Using monoOptions --debugger-agent=transport=dt_socket,embedding=1,server=y,suspend=n,address=127.0.0.1:56344
Begin MonoManager ReloadAssembly
Registering precompiled unity dll's ...
Register platform support module: E:/Unity/2020.3.3f1/Editor/Data/PlaybackEngines/WindowsStandaloneSupport/UnityEditor.WindowsStandalone.Extensions.dll
Registered in 0.001046 seconds.
Native extension for WindowsStandalone target not found
Refreshing native plugins compatible for Editor in 122.68 ms, found 2 plugins.
Preloading 0 native plugins for Editor in 0.00 ms.
Invoked RoslynAnalysisRunner static constructor.
RoslynAnalysisRunner will not be running.
RoslynAnalysisRunner has terminated.
Mono: successfully reloaded assembly
- Completed reload, in  1.168 seconds
Platform modules already initialized, skipping
Registering precompiled user dll's ...
Registered in 0.002881 seconds.
Begin MonoManager ReloadAssembly
Native extension for WindowsStandalone target not found
Refreshing native plugins compatible for Editor in 143.66 ms, found 2 plugins.
Preloading 0 native plugins for Editor in 0.00 ms.
Invoked RoslynAnalysisRunner static constructor.
RoslynAnalysisRunner will not be running.
RoslynAnalysisRunner has terminated.
Mono: successfully reloaded assembly
- Completed reload, in  3.819 seconds
Platform modules already initialized, skipping
========================================================================
Worker process is ready to serve import requests
Shader 'Universal Render Pipeline/Particles/Lit': fallback shader 'Universal Render Pipeline/Particles/SimpleLit' not found
Launched and connected shader compiler UnityShaderCompiler.exe after 0.08 seconds
Refreshing native plugins compatible for Editor in 1.26 ms, found 2 plugins.
Preloading 0 native plugins for Editor in 0.00 ms.
Unloading 4727 Unused Serialized files (Serialized files now loaded: 0)
System memory in use before: 202.1 MB.
System memory in use after: 202.2 MB.

Unloading 134 unused Assets to reduce memory usage. Loaded Objects now: 5151.
Total: 5.674200 ms (FindLiveObjects: 0.572600 ms CreateObjectMapping: 0.263500 ms MarkObjects: 4.465600 ms  DeleteObjects: 0.371600 ms)

========================================================================
Received Import Request.
  path: Assets/Animations/Guy/Jump Pose.fbx
  artifactKey: Guid(7dfd0e06bbef0e44fa29374496029857) Importer(815301076,1909f56bfc062723c751e8b465ee728b)
Start importing Assets/Animations/Guy/Jump Pose.fbx using Guid(7dfd0e06bbef0e44fa29374496029857) Importer(815301076,1909f56bfc062723c751e8b465ee728b)  -> (artifact id: '144aa92b08020c39ec1f0c1be013fbda') in 0.077810 seconds
  Import took 0.089023 seconds .

========================================================================
Received Import Request.
  Time since last request: 23.859214 seconds.
  path: Assets/Animations/Controllers/Player Animator.controller
  artifactKey: Guid(9b455d5f6bcc65440827e14a19db4cac) Importer(815301076,1909f56bfc062723c751e8b465ee728b)
Start importing Assets/Animations/Controllers/Player Animator.controller using Guid(9b455d5f6bcc65440827e14a19db4cac) Importer(815301076,1909f56bfc062723c751e8b465ee728b)  -> (artifact id: '696247055fe88afbbe91e55db4ad2ab7') in 0.065074 seconds
  Import took 0.075749 seconds .

========================================================================
Received Import Request.
  Time since last request: 87.340221 seconds.
  path: Assets/Animations/Guy/Guy@Running.fbx
  artifactKey: Guid(2753f1ed9c5373c4c966df2f54246b99) Importer(815301076,1909f56bfc062723c751e8b465ee728b)
Start importing Assets/Animations/Guy/Guy@Running.fbx using Guid(2753f1ed9c5373c4c966df2f54246b99) Importer(815301076,1909f56bfc062723c751e8b465ee728b)  -> (artifact id: '0bd4a96cf0030036f7a78824bf1a4acc') in 0.014918 seconds
  Import took 0.026405 seconds .

========================================================================
Received Prepare
Registering precompiled user dll's ...
Registered in 0.002821 seconds.
Begin MonoManager ReloadAssembly
Native extension for WindowsStandalone target not found
Refreshing native plugins compatible for Editor in 1.16 ms, found 2 plugins.
Preloading 0 native plugins for Editor in 0.00 ms.
Warning: Annotation not found!
UnityEngine.StackTraceUtility:ExtractStackTrace ()
UnityEditor.ProBuilder.EditorUtility:SetGizmoIconEnabled (System.Type,bool) (at Library/PackageCache/com.unity.probuilder@4.4.0/Editor/EditorCore/EditorUtility.cs:593)
UnityEditor.ProBuilder.HierarchyListener:.cctor () (at Library/PackageCache/com.unity.probuilder@4.4.0/Editor/EditorCore/HierarchyListener.cs:21)
System.Runtime.CompilerServices.RuntimeHelpers:RunClassConstructor (System.RuntimeTypeHandle)
UnityEditor.EditorAssemblies:ProcessInitializeOnLoadAttributes (System.Type[])

[Library/PackageCache/com.unity.probuilder@4.4.0/Editor/EditorCore/EditorUtility.cs line 593]

Invoked RoslynAnalysisRunner static constructor.
RoslynAnalysisRunner will not be running.
RoslynAnalysisRunner has terminated.
ForwardRenderer is missing RendererFeatures
This could be due to missing scripts or compile error.
UnityEngine.StackTraceUtility:ExtractStackTrace ()
UnityEngine.DebugLogHandler:LogFormat (UnityEngine.LogType,UnityEngine.Object,string,object[])
UnityEngine.Logger:Log (UnityEngine.LogType,object,UnityEngine.Object)
UnityEngine.Debug:LogError (object,UnityEngine.Object)
UnityEngine.Rendering.Universal.ScriptableRendererData:ValidateRendererFeatures () (at Library/PackageCache/com.unity.render-pipelines.universal@10.4.0/Runtime/ScriptableRendererData.cs:135)
UnityEngine.Rendering.Universal.ScriptableRendererData:OnValidate () (at Library/PackageCache/com.unity.render-pipelines.universal@10.4.0/Runtime/ScriptableRendererData.cs:59)

(Filename: Library/PackageCache/com.unity.render-pipelines.universal@10.4.0/Runtime/ScriptableRendererData.cs Line: 135)

Mono: successfully reloaded assembly
- Completed reload, in  2.014 seconds
Platform modules already initialized, skipping
Shader 'Universal Render Pipeline/Particles/Lit': fallback shader 'Universal Render Pipeline/Particles/SimpleLit' not found
Refreshing native plugins compatible for Editor in 1.50 ms, found 2 plugins.
Preloading 0 native plugins for Editor in 0.00 ms.
Unloading 4527 Unused Serialized files (Serialized files now loaded: 0)
System memory in use before: 187.5 MB.
System memory in use after: 187.7 MB.

Unloading 25 unused Assets to reduce memory usage. Loaded Objects now: 5153.
Total: 5.387500 ms (FindLiveObjects: 0.654900 ms CreateObjectMapping: 0.257300 ms MarkObjects: 4.340500 ms  DeleteObjects: 0.132100 ms)

========================================================================
Received Import Request.
  Time since last request: 147.181949 seconds.
  path: Assets/Animations/Controllers/Player Animator.controller
  artifactKey: Guid(9b455d5f6bcc65440827e14a19db4cac) Importer(815301076,1909f56bfc062723c751e8b465ee728b)
Start importing Assets/Animations/Controllers/Player Animator.controller using Guid(9b455d5f6bcc65440827e14a19db4cac) Importer(815301076,1909f56bfc062723c751e8b465ee728b)  -> (artifact id: '5f54049f29cd20b82150cefe89aa66c8') in 0.016371 seconds
  Import took 0.028656 seconds .

========================================================================
Received Import Request.
  Time since last request: 0.000719 seconds.
  path: Assets/Animations/Controllers/Player Animator.controller
  artifactKey: Guid(9b455d5f6bcc65440827e14a19db4cac) Importer(815301076,1909f56bfc062723c751e8b465ee728b)
Start importing Assets/Animations/Controllers/Player Animator.controller using Guid(9b455d5f6bcc65440827e14a19db4cac) Importer(815301076,1909f56bfc062723c751e8b465ee728b)  -> (artifact id: '5f54049f29cd20b82150cefe89aa66c8') in 0.007602 seconds
  Import took 0.018224 seconds .

========================================================================
Received Import Request.
  Time since last request: 58.896720 seconds.
  path: Assets/Animations/Controllers/Player Animator.controller
  artifactKey: Guid(9b455d5f6bcc65440827e14a19db4cac) Importer(815301076,1909f56bfc062723c751e8b465ee728b)
Start importing Assets/Animations/Controllers/Player Animator.controller using Guid(9b455d5f6bcc65440827e14a19db4cac) Importer(815301076,1909f56bfc062723c751e8b465ee728b)  -> (artifact id: '72326e4de39492441e6799415e506661') in 0.007997 seconds
  Import took 0.017207 seconds .

========================================================================
Received Import Request.
  Time since last request: 57.383262 seconds.
  path: Assets/Animations/Controllers/Player Animator.controller
  artifactKey: Guid(9b455d5f6bcc65440827e14a19db4cac) Importer(815301076,1909f56bfc062723c751e8b465ee728b)
Start importing Assets/Animations/Controllers/Player Animator.controller using Guid(9b455d5f6bcc65440827e14a19db4cac) Importer(815301076,1909f56bfc062723c751e8b465ee728b)  -> (artifact id: 'ba16d02073dbc1af1c376b364d8513c1') in 0.009166 seconds
  Import took 0.023183 seconds .

========================================================================
Received Import Request.
  Time since last request: 7.170570 seconds.
  path: Assets/Animations/Guy/Jump Pose.fbx
  artifactKey: Guid(7dfd0e06bbef0e44fa29374496029857) Importer(815301076,1909f56bfc062723c751e8b465ee728b)
Start importing Assets/Animations/Guy/Jump Pose.fbx using Guid(7dfd0e06bbef0e44fa29374496029857) Importer(815301076,1909f56bfc062723c751e8b465ee728b)  -> (artifact id: '2cc384323f94994088fa44636eef5cfd') in 0.021395 seconds
  Import took 0.032452 seconds .

========================================================================
Received Import Request.
  Time since last request: 3.147651 seconds.
  path: Assets/Animations/Guy/Guy@Jumping.fbx
  artifactKey: Guid(7dfd0e06bbef0e44fa29374496029857) Importer(815301076,1909f56bfc062723c751e8b465ee728b)
Start importing Assets/Animations/Guy/Guy@Jumping.fbx using Guid(7dfd0e06bbef0e44fa29374496029857) Importer(815301076,1909f56bfc062723c751e8b465ee728b)  -> (artifact id: 'd0557e219b34f82aadb75c028c5423dc') in 0.015501 seconds
  Import took 0.030807 seconds .

