Using pre-set license
Built from '2020.3/staging' branch; Version is '2020.3.3f1 (76626098c1c4) revision 7758432'; Using compiler version '192528614'; Build Type 'Release'
OS: 'Windows 10 Pro N; OS build 19042.985; Version 2009; 64bit' Language: 'sv' Physical Memory: 8075 MB
BatchMode: 1, IsHumanControllingUs: 0, StartBugReporterOnCrash: 0, Is64bit: 1, IsPro: 0

 COMMAND LINE ARGUMENTS:
E:\Unity\2020.3.3f1\Editor\Unity.exe
-adb2
-batchMode
-noUpm
-name
AssetImportWorker4
-projectPath
E:/Unity/Projects/PingTap/PingTap
-logFile
Logs/AssetImportWorker4.log
-srvPort
64408
Successfully changed project path to: E:/Unity/Projects/PingTap/PingTap
E:/Unity/Projects/PingTap/PingTap
Using Asset Import Pipeline V2.
Refreshing native plugins compatible for Editor in 161.82 ms, found 2 plugins.
Preloading 0 native plugins for Editor in 0.00 ms.
Initialize engine version: 2020.3.3f1 (76626098c1c4)
[Subsystems] Discovering subsystems at path E:/Unity/2020.3.3f1/Editor/Data/Resources/UnitySubsystems
[Subsystems] Discovering subsystems at path E:/Unity/Projects/PingTap/PingTap/Assets
GfxDevice: creating device client; threaded=0
Direct3D:
    Version:  Direct3D 11.0 [level 11.1]
    Renderer: NVIDIA GeForce GTX 1080 (ID=0x1b80)
    Vendor:   
    VRAM:     8079 MB
    Driver:   27.21.14.5671
Shader 'Universal Render Pipeline/Particles/Lit': fallback shader 'Universal Render Pipeline/Particles/SimpleLit' not found
Initialize mono
Mono path[0] = 'E:/Unity/2020.3.3f1/Editor/Data/Managed'
Mono path[1] = 'E:/Unity/2020.3.3f1/Editor/Data/MonoBleedingEdge/lib/mono/unityjit'
Mono config path = 'E:/Unity/2020.3.3f1/Editor/Data/MonoBleedingEdge/etc'
Using monoOptions --debugger-agent=transport=dt_socket,embedding=1,server=y,suspend=n,address=127.0.0.1:56696
Begin MonoManager ReloadAssembly
Registering precompiled unity dll's ...
Register platform support module: E:/Unity/2020.3.3f1/Editor/Data/PlaybackEngines/WindowsStandaloneSupport/UnityEditor.WindowsStandalone.Extensions.dll
Registered in 0.001080 seconds.
Native extension for WindowsStandalone target not found
Refreshing native plugins compatible for Editor in 120.49 ms, found 2 plugins.
Preloading 0 native plugins for Editor in 0.00 ms.
Invoked RoslynAnalysisRunner static constructor.
RoslynAnalysisRunner will not be running.
RoslynAnalysisRunner has terminated.
Mono: successfully reloaded assembly
- Completed reload, in  2.571 seconds
Platform modules already initialized, skipping
Registering precompiled user dll's ...
Registered in 0.003640 seconds.
Begin MonoManager ReloadAssembly
Native extension for WindowsStandalone target not found
Refreshing native plugins compatible for Editor in 131.73 ms, found 2 plugins.
Preloading 0 native plugins for Editor in 0.00 ms.
Invoked RoslynAnalysisRunner static constructor.
RoslynAnalysisRunner will not be running.
RoslynAnalysisRunner has terminated.
Mono: successfully reloaded assembly
- Completed reload, in  3.814 seconds
Platform modules already initialized, skipping
========================================================================
Worker process is ready to serve import requests
Shader 'Universal Render Pipeline/Particles/Lit': fallback shader 'Universal Render Pipeline/Particles/SimpleLit' not found
Launched and connected shader compiler UnityShaderCompiler.exe after 0.09 seconds
Refreshing native plugins compatible for Editor in 1.09 ms, found 2 plugins.
Preloading 0 native plugins for Editor in 0.00 ms.
Unloading 4630 Unused Serialized files (Serialized files now loaded: 0)
System memory in use before: 213.7 MB.
System memory in use after: 213.9 MB.

Unloading 130 unused Assets to reduce memory usage. Loaded Objects now: 5067.
Total: 6.906400 ms (FindLiveObjects: 0.752600 ms CreateObjectMapping: 0.558900 ms MarkObjects: 5.219500 ms  DeleteObjects: 0.373300 ms)

========================================================================
Received Import Request.
  path: Assets/ScriptableObjects/AI/Actions/Wander.asset
  artifactKey: Guid(1f5064d07ecdd0a499c6020c96beac58) Importer(815301076,1909f56bfc062723c751e8b465ee728b)
Start importing Assets/ScriptableObjects/AI/Actions/Wander.asset using Guid(1f5064d07ecdd0a499c6020c96beac58) Importer(815301076,1909f56bfc062723c751e8b465ee728b)  -> (artifact id: 'db688067210f26d0fcf05c58ea1e5585') in 0.059376 seconds
  Import took 0.069697 seconds .

========================================================================
Received Import Request.
  Time since last request: 4.945377 seconds.
  path: Assets/ScriptableObjects/AI/Actions/Wander.asset
  artifactKey: Guid(1f5064d07ecdd0a499c6020c96beac58) Importer(815301076,1909f56bfc062723c751e8b465ee728b)
Start importing Assets/ScriptableObjects/AI/Actions/Wander.asset using Guid(1f5064d07ecdd0a499c6020c96beac58) Importer(815301076,1909f56bfc062723c751e8b465ee728b)  -> (artifact id: 'db688067210f26d0fcf05c58ea1e5585') in 0.002910 seconds
  Import took 0.014976 seconds .

========================================================================
Received Import Request.
  Time since last request: 3.037971 seconds.
  path: Assets/ScriptableObjects/AI/Actions/Wander.asset
  artifactKey: Guid(1f5064d07ecdd0a499c6020c96beac58) Importer(815301076,1909f56bfc062723c751e8b465ee728b)
Start importing Assets/ScriptableObjects/AI/Actions/Wander.asset using Guid(1f5064d07ecdd0a499c6020c96beac58) Importer(815301076,1909f56bfc062723c751e8b465ee728b)  -> (artifact id: 'a51a7f6d8e1ea59d2334b3e0146c44ab') in 0.003696 seconds
  Import took 0.015204 seconds .

========================================================================
Received Import Request.
  Time since last request: 0.004805 seconds.
  path: Assets/ScriptableObjects/AI/Actions/Wander.asset
  artifactKey: Guid(1f5064d07ecdd0a499c6020c96beac58) Importer(815301076,1909f56bfc062723c751e8b465ee728b)
Start importing Assets/ScriptableObjects/AI/Actions/Wander.asset using Guid(1f5064d07ecdd0a499c6020c96beac58) Importer(815301076,1909f56bfc062723c751e8b465ee728b)  -> (artifact id: 'a51a7f6d8e1ea59d2334b3e0146c44ab') in 0.003000 seconds
  Import took 0.015759 seconds .

========================================================================
Received Import Request.
  Time since last request: 23.663428 seconds.
  path: Assets/ScriptableObjects/AI/Decisions/LookForTarget.asset
  artifactKey: Guid(2a8d989e2979bd741a8f46f27f6ebfa5) Importer(815301076,1909f56bfc062723c751e8b465ee728b)
Start importing Assets/ScriptableObjects/AI/Decisions/LookForTarget.asset using Guid(2a8d989e2979bd741a8f46f27f6ebfa5) Importer(815301076,1909f56bfc062723c751e8b465ee728b)  -> (artifact id: 'ca0425e51cdaaa74bc779b6a5720b9e6') in 0.006775 seconds
  Import took 0.018066 seconds .

========================================================================
Received Import Request.
  Time since last request: 0.001830 seconds.
  path: Assets/ScriptableObjects/AI/Decisions/LookForTarget.asset
  artifactKey: Guid(2a8d989e2979bd741a8f46f27f6ebfa5) Importer(815301076,1909f56bfc062723c751e8b465ee728b)
Start importing Assets/ScriptableObjects/AI/Decisions/LookForTarget.asset using Guid(2a8d989e2979bd741a8f46f27f6ebfa5) Importer(815301076,1909f56bfc062723c751e8b465ee728b)  -> (artifact id: 'ca0425e51cdaaa74bc779b6a5720b9e6') in 0.002915 seconds
  Import took 0.012601 seconds .

========================================================================
Received Prepare
Registering precompiled user dll's ...
Registered in 0.002523 seconds.
Begin MonoManager ReloadAssembly
Native extension for WindowsStandalone target not found
Refreshing native plugins compatible for Editor in 2.06 ms, found 2 plugins.
Preloading 0 native plugins for Editor in 0.00 ms.
Warning: Annotation not found!
UnityEngine.StackTraceUtility:ExtractStackTrace ()
UnityEditor.ProBuilder.EditorUtility:SetGizmoIconEnabled (System.Type,bool) (at Library/PackageCache/com.unity.probuilder@4.4.0/Editor/EditorCore/EditorUtility.cs:593)
UnityEditor.ProBuilder.HierarchyListener:.cctor () (at Library/PackageCache/com.unity.probuilder@4.4.0/Editor/EditorCore/HierarchyListener.cs:21)
System.Runtime.CompilerServices.RuntimeHelpers:RunClassConstructor (System.RuntimeTypeHandle)
UnityEditor.EditorAssemblies:ProcessInitializeOnLoadAttributes (System.Type[])

[Library/PackageCache/com.unity.probuilder@4.4.0/Editor/EditorCore/EditorUtility.cs line 593]

Invoked RoslynAnalysisRunner static constructor.
RoslynAnalysisRunner will not be running.
RoslynAnalysisRunner has terminated.
Mono: successfully reloaded assembly
- Completed reload, in  1.434 seconds
Platform modules already initialized, skipping
Shader 'Universal Render Pipeline/Particles/Lit': fallback shader 'Universal Render Pipeline/Particles/SimpleLit' not found
Refreshing native plugins compatible for Editor in 1.05 ms, found 2 plugins.
Preloading 0 native plugins for Editor in 0.00 ms.
Unloading 4414 Unused Serialized files (Serialized files now loaded: 0)
System memory in use before: 197.3 MB.
System memory in use after: 197.5 MB.

Unloading 20 unused Assets to reduce memory usage. Loaded Objects now: 5070.
Total: 4.192400 ms (FindLiveObjects: 0.492100 ms CreateObjectMapping: 0.210700 ms MarkObjects: 3.378800 ms  DeleteObjects: 0.109800 ms)

========================================================================
Received Prepare
Registering precompiled user dll's ...
Registered in 0.002682 seconds.
Begin MonoManager ReloadAssembly
Native extension for WindowsStandalone target not found
Refreshing native plugins compatible for Editor in 1.04 ms, found 2 plugins.
Preloading 0 native plugins for Editor in 0.00 ms.
Warning: Annotation not found!
UnityEngine.StackTraceUtility:ExtractStackTrace ()
UnityEditor.ProBuilder.EditorUtility:SetGizmoIconEnabled (System.Type,bool) (at Library/PackageCache/com.unity.probuilder@4.4.0/Editor/EditorCore/EditorUtility.cs:593)
UnityEditor.ProBuilder.HierarchyListener:.cctor () (at Library/PackageCache/com.unity.probuilder@4.4.0/Editor/EditorCore/HierarchyListener.cs:21)
System.Runtime.CompilerServices.RuntimeHelpers:RunClassConstructor (System.RuntimeTypeHandle)
UnityEditor.EditorAssemblies:ProcessInitializeOnLoadAttributes (System.Type[])

[Library/PackageCache/com.unity.probuilder@4.4.0/Editor/EditorCore/EditorUtility.cs line 593]

Invoked RoslynAnalysisRunner static constructor.
RoslynAnalysisRunner will not be running.
RoslynAnalysisRunner has terminated.
Mono: successfully reloaded assembly
- Completed reload, in  1.381 seconds
Platform modules already initialized, skipping
Shader 'Universal Render Pipeline/Particles/Lit': fallback shader 'Universal Render Pipeline/Particles/SimpleLit' not found
Refreshing native plugins compatible for Editor in 1.10 ms, found 2 plugins.
Preloading 0 native plugins for Editor in 0.00 ms.
Unloading 4414 Unused Serialized files (Serialized files now loaded: 0)
System memory in use before: 197.5 MB.
System memory in use after: 197.7 MB.

Unloading 20 unused Assets to reduce memory usage. Loaded Objects now: 5073.
Total: 4.099400 ms (FindLiveObjects: 0.602300 ms CreateObjectMapping: 0.192600 ms MarkObjects: 3.173500 ms  DeleteObjects: 0.129700 ms)

========================================================================
Received Import Request.
  Time since last request: 109.453888 seconds.
  path: Assets/ScriptableObjects/AI/Decisions/LookForTarget.asset
  artifactKey: Guid(2a8d989e2979bd741a8f46f27f6ebfa5) Importer(815301076,1909f56bfc062723c751e8b465ee728b)
Start importing Assets/ScriptableObjects/AI/Decisions/LookForTarget.asset using Guid(2a8d989e2979bd741a8f46f27f6ebfa5) Importer(815301076,1909f56bfc062723c751e8b465ee728b)  -> (artifact id: 'd41e8ca2a68375c5bc154e68cbb6bbeb') in 0.010601 seconds
  Import took 0.023759 seconds .

========================================================================
Received Import Request.
  Time since last request: 0.014427 seconds.
  path: Assets/ScriptableObjects/AI/Decisions/LookForTarget.asset
  artifactKey: Guid(2a8d989e2979bd741a8f46f27f6ebfa5) Importer(815301076,1909f56bfc062723c751e8b465ee728b)
Start importing Assets/ScriptableObjects/AI/Decisions/LookForTarget.asset using Guid(2a8d989e2979bd741a8f46f27f6ebfa5) Importer(815301076,1909f56bfc062723c751e8b465ee728b)  -> (artifact id: 'd41e8ca2a68375c5bc154e68cbb6bbeb') in 0.002634 seconds
  Import took 0.011160 seconds .

========================================================================
Received Import Request.
  Time since last request: 49.918962 seconds.
  path: Assets/Scripts/PingTap/AI/FSM/Decisions/LookForTarget.cs
  artifactKey: Guid(60ac994bb79c50245ae200f77e429139) Importer(815301076,1909f56bfc062723c751e8b465ee728b)
Start importing Assets/Scripts/PingTap/AI/FSM/Decisions/LookForTarget.cs using Guid(60ac994bb79c50245ae200f77e429139) Importer(815301076,1909f56bfc062723c751e8b465ee728b)  -> (artifact id: '109ddbbf954fa7bd73177849bb5e2348') in 0.007450 seconds
  Import took 0.016786 seconds .

========================================================================
Received Import Request.
  Time since last request: 15.777234 seconds.
  path: Assets/ScriptableObjects/AI/Decisions/LookForTarget.asset
  artifactKey: Guid(2a8d989e2979bd741a8f46f27f6ebfa5) Importer(815301076,1909f56bfc062723c751e8b465ee728b)
Start importing Assets/ScriptableObjects/AI/Decisions/LookForTarget.asset using Guid(2a8d989e2979bd741a8f46f27f6ebfa5) Importer(815301076,1909f56bfc062723c751e8b465ee728b)  -> (artifact id: 'a79bbc87e332ef50ca478461620eaf2b') in 0.003319 seconds
  Import took 0.015445 seconds .

========================================================================
Received Import Request.
  Time since last request: 0.024849 seconds.
  path: Assets/ScriptableObjects/AI/Decisions/LookForTarget.asset
  artifactKey: Guid(2a8d989e2979bd741a8f46f27f6ebfa5) Importer(815301076,1909f56bfc062723c751e8b465ee728b)
Start importing Assets/ScriptableObjects/AI/Decisions/LookForTarget.asset using Guid(2a8d989e2979bd741a8f46f27f6ebfa5) Importer(815301076,1909f56bfc062723c751e8b465ee728b)  -> (artifact id: 'a79bbc87e332ef50ca478461620eaf2b') in 0.002854 seconds
  Import took 0.011965 seconds .

========================================================================
Received Prepare
Registering precompiled user dll's ...
Registered in 0.002919 seconds.
Begin MonoManager ReloadAssembly
Native extension for WindowsStandalone target not found
Refreshing native plugins compatible for Editor in 1.02 ms, found 2 plugins.
Preloading 0 native plugins for Editor in 0.00 ms.
Warning: Annotation not found!
UnityEngine.StackTraceUtility:ExtractStackTrace ()
UnityEditor.ProBuilder.EditorUtility:SetGizmoIconEnabled (System.Type,bool) (at Library/PackageCache/com.unity.probuilder@4.4.0/Editor/EditorCore/EditorUtility.cs:593)
UnityEditor.ProBuilder.HierarchyListener:.cctor () (at Library/PackageCache/com.unity.probuilder@4.4.0/Editor/EditorCore/HierarchyListener.cs:21)
System.Runtime.CompilerServices.RuntimeHelpers:RunClassConstructor (System.RuntimeTypeHandle)
UnityEditor.EditorAssemblies:ProcessInitializeOnLoadAttributes (System.Type[])

[Library/PackageCache/com.unity.probuilder@4.4.0/Editor/EditorCore/EditorUtility.cs line 593]

Invoked RoslynAnalysisRunner static constructor.
RoslynAnalysisRunner will not be running.
RoslynAnalysisRunner has terminated.
Mono: successfully reloaded assembly
- Completed reload, in  1.487 seconds
Platform modules already initialized, skipping
Shader 'Universal Render Pipeline/Particles/Lit': fallback shader 'Universal Render Pipeline/Particles/SimpleLit' not found
Refreshing native plugins compatible for Editor in 1.08 ms, found 2 plugins.
Preloading 0 native plugins for Editor in 0.00 ms.
Unloading 4414 Unused Serialized files (Serialized files now loaded: 0)
System memory in use before: 197.5 MB.
System memory in use after: 197.7 MB.

Unloading 20 unused Assets to reduce memory usage. Loaded Objects now: 5076.
Total: 3.965100 ms (FindLiveObjects: 0.528100 ms CreateObjectMapping: 0.211600 ms MarkObjects: 3.105100 ms  DeleteObjects: 0.118900 ms)

========================================================================
Received Prepare
Registering precompiled user dll's ...
Registered in 0.002852 seconds.
Begin MonoManager ReloadAssembly
Native extension for WindowsStandalone target not found
Refreshing native plugins compatible for Editor in 1.13 ms, found 2 plugins.
Preloading 0 native plugins for Editor in 0.00 ms.
Warning: Annotation not found!
UnityEngine.StackTraceUtility:ExtractStackTrace ()
UnityEditor.ProBuilder.EditorUtility:SetGizmoIconEnabled (System.Type,bool) (at Library/PackageCache/com.unity.probuilder@4.4.0/Editor/EditorCore/EditorUtility.cs:593)
UnityEditor.ProBuilder.HierarchyListener:.cctor () (at Library/PackageCache/com.unity.probuilder@4.4.0/Editor/EditorCore/HierarchyListener.cs:21)
System.Runtime.CompilerServices.RuntimeHelpers:RunClassConstructor (System.RuntimeTypeHandle)
UnityEditor.EditorAssemblies:ProcessInitializeOnLoadAttributes (System.Type[])

[Library/PackageCache/com.unity.probuilder@4.4.0/Editor/EditorCore/EditorUtility.cs line 593]

Invoked RoslynAnalysisRunner static constructor.
RoslynAnalysisRunner will not be running.
RoslynAnalysisRunner has terminated.
Mono: successfully reloaded assembly
- Completed reload, in  1.381 seconds
Platform modules already initialized, skipping
Shader 'Universal Render Pipeline/Particles/Lit': fallback shader 'Universal Render Pipeline/Particles/SimpleLit' not found
Refreshing native plugins compatible for Editor in 0.99 ms, found 2 plugins.
Preloading 0 native plugins for Editor in 0.00 ms.
Unloading 4414 Unused Serialized files (Serialized files now loaded: 0)
System memory in use before: 197.6 MB.
System memory in use after: 197.8 MB.

Unloading 20 unused Assets to reduce memory usage. Loaded Objects now: 5079.
Total: 4.161500 ms (FindLiveObjects: 0.539600 ms CreateObjectMapping: 0.219700 ms MarkObjects: 3.280900 ms  DeleteObjects: 0.120200 ms)

========================================================================
Received Prepare
Registering precompiled user dll's ...
Registered in 0.002429 seconds.
Begin MonoManager ReloadAssembly
Native extension for WindowsStandalone target not found
Refreshing native plugins compatible for Editor in 1.10 ms, found 2 plugins.
Preloading 0 native plugins for Editor in 0.00 ms.
Warning: Annotation not found!
UnityEngine.StackTraceUtility:ExtractStackTrace ()
UnityEditor.ProBuilder.EditorUtility:SetGizmoIconEnabled (System.Type,bool) (at Library/PackageCache/com.unity.probuilder@4.4.0/Editor/EditorCore/EditorUtility.cs:593)
UnityEditor.ProBuilder.HierarchyListener:.cctor () (at Library/PackageCache/com.unity.probuilder@4.4.0/Editor/EditorCore/HierarchyListener.cs:21)
System.Runtime.CompilerServices.RuntimeHelpers:RunClassConstructor (System.RuntimeTypeHandle)
UnityEditor.EditorAssemblies:ProcessInitializeOnLoadAttributes (System.Type[])

[Library/PackageCache/com.unity.probuilder@4.4.0/Editor/EditorCore/EditorUtility.cs line 593]

Invoked RoslynAnalysisRunner static constructor.
RoslynAnalysisRunner will not be running.
RoslynAnalysisRunner has terminated.
Mono: successfully reloaded assembly
- Completed reload, in  1.360 seconds
Platform modules already initialized, skipping
Shader 'Universal Render Pipeline/Particles/Lit': fallback shader 'Universal Render Pipeline/Particles/SimpleLit' not found
Refreshing native plugins compatible for Editor in 1.10 ms, found 2 plugins.
Preloading 0 native plugins for Editor in 0.00 ms.
Unloading 4414 Unused Serialized files (Serialized files now loaded: 0)
System memory in use before: 197.6 MB.
System memory in use after: 197.8 MB.

Unloading 20 unused Assets to reduce memory usage. Loaded Objects now: 5082.
Total: 5.972500 ms (FindLiveObjects: 0.924000 ms CreateObjectMapping: 0.532900 ms MarkObjects: 4.378400 ms  DeleteObjects: 0.135300 ms)

========================================================================
Received Prepare
Registering precompiled user dll's ...
Registered in 0.002642 seconds.
Begin MonoManager ReloadAssembly
Native extension for WindowsStandalone target not found
Refreshing native plugins compatible for Editor in 0.99 ms, found 2 plugins.
Preloading 0 native plugins for Editor in 0.00 ms.
Warning: Annotation not found!
UnityEngine.StackTraceUtility:ExtractStackTrace ()
UnityEditor.ProBuilder.EditorUtility:SetGizmoIconEnabled (System.Type,bool) (at Library/PackageCache/com.unity.probuilder@4.4.0/Editor/EditorCore/EditorUtility.cs:593)
UnityEditor.ProBuilder.HierarchyListener:.cctor () (at Library/PackageCache/com.unity.probuilder@4.4.0/Editor/EditorCore/HierarchyListener.cs:21)
System.Runtime.CompilerServices.RuntimeHelpers:RunClassConstructor (System.RuntimeTypeHandle)
UnityEditor.EditorAssemblies:ProcessInitializeOnLoadAttributes (System.Type[])

[Library/PackageCache/com.unity.probuilder@4.4.0/Editor/EditorCore/EditorUtility.cs line 593]

Invoked RoslynAnalysisRunner static constructor.
RoslynAnalysisRunner will not be running.
RoslynAnalysisRunner has terminated.
Mono: successfully reloaded assembly
- Completed reload, in  1.374 seconds
Platform modules already initialized, skipping
Shader 'Universal Render Pipeline/Particles/Lit': fallback shader 'Universal Render Pipeline/Particles/SimpleLit' not found
Refreshing native plugins compatible for Editor in 1.08 ms, found 2 plugins.
Preloading 0 native plugins for Editor in 0.00 ms.
Unloading 4414 Unused Serialized files (Serialized files now loaded: 0)
System memory in use before: 197.7 MB.
System memory in use after: 197.9 MB.

Unloading 20 unused Assets to reduce memory usage. Loaded Objects now: 5085.
Total: 5.203400 ms (FindLiveObjects: 0.762300 ms CreateObjectMapping: 0.538000 ms MarkObjects: 3.779000 ms  DeleteObjects: 0.122900 ms)

========================================================================
Received Prepare
Registering precompiled user dll's ...
Registered in 0.002931 seconds.
Begin MonoManager ReloadAssembly
Native extension for WindowsStandalone target not found
Refreshing native plugins compatible for Editor in 1.00 ms, found 2 plugins.
Preloading 0 native plugins for Editor in 0.00 ms.
Warning: Annotation not found!
UnityEngine.StackTraceUtility:ExtractStackTrace ()
UnityEditor.ProBuilder.EditorUtility:SetGizmoIconEnabled (System.Type,bool) (at Library/PackageCache/com.unity.probuilder@4.4.0/Editor/EditorCore/EditorUtility.cs:593)
UnityEditor.ProBuilder.HierarchyListener:.cctor () (at Library/PackageCache/com.unity.probuilder@4.4.0/Editor/EditorCore/HierarchyListener.cs:21)
System.Runtime.CompilerServices.RuntimeHelpers:RunClassConstructor (System.RuntimeTypeHandle)
UnityEditor.EditorAssemblies:ProcessInitializeOnLoadAttributes (System.Type[])

[Library/PackageCache/com.unity.probuilder@4.4.0/Editor/EditorCore/EditorUtility.cs line 593]

Invoked RoslynAnalysisRunner static constructor.
RoslynAnalysisRunner will not be running.
RoslynAnalysisRunner has terminated.
Mono: successfully reloaded assembly
- Completed reload, in  1.345 seconds
Platform modules already initialized, skipping
Shader 'Universal Render Pipeline/Particles/Lit': fallback shader 'Universal Render Pipeline/Particles/SimpleLit' not found
Refreshing native plugins compatible for Editor in 1.14 ms, found 2 plugins.
Preloading 0 native plugins for Editor in 0.00 ms.
Unloading 4414 Unused Serialized files (Serialized files now loaded: 0)
System memory in use before: 197.7 MB.
System memory in use after: 197.9 MB.

Unloading 20 unused Assets to reduce memory usage. Loaded Objects now: 5088.
Total: 5.315200 ms (FindLiveObjects: 0.740400 ms CreateObjectMapping: 0.454200 ms MarkObjects: 4.008200 ms  DeleteObjects: 0.111300 ms)

========================================================================
Received Prepare
Registering precompiled user dll's ...
Registered in 0.002568 seconds.
Begin MonoManager ReloadAssembly
Native extension for WindowsStandalone target not found
Refreshing native plugins compatible for Editor in 1.03 ms, found 2 plugins.
Preloading 0 native plugins for Editor in 0.00 ms.
Warning: Annotation not found!
UnityEngine.StackTraceUtility:ExtractStackTrace ()
UnityEditor.ProBuilder.EditorUtility:SetGizmoIconEnabled (System.Type,bool) (at Library/PackageCache/com.unity.probuilder@4.4.0/Editor/EditorCore/EditorUtility.cs:593)
UnityEditor.ProBuilder.HierarchyListener:.cctor () (at Library/PackageCache/com.unity.probuilder@4.4.0/Editor/EditorCore/HierarchyListener.cs:21)
System.Runtime.CompilerServices.RuntimeHelpers:RunClassConstructor (System.RuntimeTypeHandle)
UnityEditor.EditorAssemblies:ProcessInitializeOnLoadAttributes (System.Type[])

[Library/PackageCache/com.unity.probuilder@4.4.0/Editor/EditorCore/EditorUtility.cs line 593]

Invoked RoslynAnalysisRunner static constructor.
RoslynAnalysisRunner will not be running.
RoslynAnalysisRunner has terminated.
Mono: successfully reloaded assembly
- Completed reload, in  1.397 seconds
Platform modules already initialized, skipping
Shader 'Universal Render Pipeline/Particles/Lit': fallback shader 'Universal Render Pipeline/Particles/SimpleLit' not found
Refreshing native plugins compatible for Editor in 1.26 ms, found 2 plugins.
Preloading 0 native plugins for Editor in 0.00 ms.
Unloading 4414 Unused Serialized files (Serialized files now loaded: 0)
System memory in use before: 197.7 MB.
System memory in use after: 197.9 MB.

Unloading 20 unused Assets to reduce memory usage. Loaded Objects now: 5091.
Total: 9.210100 ms (FindLiveObjects: 1.916500 ms CreateObjectMapping: 1.232900 ms MarkObjects: 5.847000 ms  DeleteObjects: 0.209900 ms)

========================================================================
Received Import Request.
  Time since last request: 352.319990 seconds.
  path: Assets/ScriptableObjects/AI/States/Chase.asset
  artifactKey: Guid(bb1b3f62bab86d44aa37d648c5fa58bd) Importer(815301076,1909f56bfc062723c751e8b465ee728b)
Start importing Assets/ScriptableObjects/AI/States/Chase.asset using Guid(bb1b3f62bab86d44aa37d648c5fa58bd) Importer(815301076,1909f56bfc062723c751e8b465ee728b)  -> (artifact id: '4926c5108d0b12e7797ffcb947003548') in 0.012435 seconds
  Import took 0.023676 seconds .

========================================================================
Received Import Request.
  Time since last request: 0.009836 seconds.
  path: Assets/ScriptableObjects/AI/States/Chase.asset
  artifactKey: Guid(bb1b3f62bab86d44aa37d648c5fa58bd) Importer(815301076,1909f56bfc062723c751e8b465ee728b)
Start importing Assets/ScriptableObjects/AI/States/Chase.asset using Guid(bb1b3f62bab86d44aa37d648c5fa58bd) Importer(815301076,1909f56bfc062723c751e8b465ee728b)  -> (artifact id: '4926c5108d0b12e7797ffcb947003548') in 0.002551 seconds
  Import took 0.010462 seconds .

